# JRE version: Java(TM) SE Runtime Environment (7.0_71-b14) (build 1.7.0_71-b14)
# Java VM: Java HotSpot(TM) 64-Bit Server VM (24.71-b01 mixed mode bsd-amd64 compressed oops)
Heap
 PSYoungGen      total 279040K, used 265216K [0x00000007eaa80000, 0x00000007fd580000, 0x0000000800000000)
  eden space 265216K, 100% used [0x00000007eaa80000,0x00000007fad80000,0x00000007fad80000)
  from space 13824K, 0% used [0x00000007fc800000,0x00000007fc800000,0x00000007fd580000)
  to   space 20480K, 11% used [0x00000007fad80000,0x00000007fafd4010,0x00000007fc180000)
 ParOldGen       total 87040K, used 54096K [0x00000007c0000000, 0x00000007c5500000, 0x00000007eaa80000)
  object space 87040K, 62% used [0x00000007c0000000,0x00000007c34d40d0,0x00000007c5500000)
 PSPermGen       total 103424K, used 53799K [0x00000007b0000000, 0x00000007b6500000, 0x00000007c0000000)
  object space 103424K, 52% used [0x00000007b0000000,0x00000007b3489f58,0x00000007b6500000)
GC Heap History (10 events):
Event: 1098.568 GC heap after
Heap after GC invocations=17 (full 2):
 PSYoungGen      total 296448K, used 5904K [0x00000007eaa80000, 0x00000007ff200000, 0x0000000800000000)
  eden space 290304K, 0% used [0x00000007eaa80000,0x00000007eaa80000,0x00000007fc600000)
  from space 6144K, 96% used [0x00000007fd300000,0x00000007fd8c4050,0x00000007fd900000)
  to   space 22528K, 0% used [0x00000007fdc00000,0x00000007fdc00000,0x00000007ff200000)
 ParOldGen       total 87040K, used 43577K [0x00000007c0000000, 0x00000007c5500000, 0x00000007eaa80000)
  object space 87040K, 50% used [0x00000007c0000000,0x00000007c2a8e4a8,0x00000007c5500000)
 PSPermGen       total 101888K, used 51802K [0x00000007b0000000, 0x00000007b6380000, 0x00000007c0000000)
  object space 101888K, 50% used [0x00000007b0000000,0x00000007b32968f0,0x00000007b6380000)
}
Event: 1105.943 GC heap before
{Heap before GC invocations=18 (full 2):
 PSYoungGen      total 296448K, used 296208K [0x00000007eaa80000, 0x00000007ff200000, 0x0000000800000000)
  eden space 290304K, 100% used [0x00000007eaa80000,0x00000007fc600000,0x00000007fc600000)
  from space 6144K, 96% used [0x00000007fd300000,0x00000007fd8c4050,0x00000007fd900000)
  to   space 22528K, 0% used [0x00000007fdc00000,0x00000007fdc00000,0x00000007ff200000)
 ParOldGen       total 87040K, used 43577K [0x00000007c0000000, 0x00000007c5500000, 0x00000007eaa80000)
  object space 87040K, 50% used [0x00000007c0000000,0x00000007c2a8e4a8,0x00000007c5500000)
 PSPermGen       total 101888K, used 52408K [0x00000007b0000000, 0x00000007b6380000, 0x00000007c0000000)
  object space 101888K, 51% used [0x00000007b0000000,0x00000007b332e2d8,0x00000007b6380000)
Event: 1105.961 GC heap after
Heap after GC invocations=18 (full 2):
 PSYoungGen      total 285184K, used 7627K [0x00000007eaa80000, 0x00000007fe380000, 0x0000000800000000)
  eden space 277504K, 0% used [0x00000007eaa80000,0x00000007eaa80000,0x00000007fb980000)
  from space 7680K, 99% used [0x00000007fdc00000,0x00000007fe372f78,0x00000007fe380000)
  to   space 21504K, 0% used [0x00000007fb980000,0x00000007fb980000,0x00000007fce80000)
 ParOldGen       total 87040K, used 46813K [0x00000007c0000000, 0x00000007c5500000, 0x00000007eaa80000)
  object space 87040K, 53% used [0x00000007c0000000,0x00000007c2db75f8,0x00000007c5500000)
 PSPermGen       total 101888K, used 52408K [0x00000007b0000000, 0x00000007b6380000, 0x00000007c0000000)
  object space 101888K, 51% used [0x00000007b0000000,0x00000007b332e2d8,0x00000007b6380000)
}
Event: 1894.486 GC heap before
{Heap before GC invocations=19 (full 2):
 PSYoungGen      total 285184K, used 285131K [0x00000007eaa80000, 0x00000007fe380000, 0x0000000800000000)
  eden space 277504K, 100% used [0x00000007eaa80000,0x00000007fb980000,0x00000007fb980000)
  from space 7680K, 99% used [0x00000007fdc00000,0x00000007fe372f78,0x00000007fe380000)
  to   space 21504K, 0% used [0x00000007fb980000,0x00000007fb980000,0x00000007fce80000)
 ParOldGen       total 87040K, used 46813K [0x00000007c0000000, 0x00000007c5500000, 0x00000007eaa80000)
  object space 87040K, 53% used [0x00000007c0000000,0x00000007c2db75f8,0x00000007c5500000)
 PSPermGen       total 101888K, used 52979K [0x00000007b0000000, 0x00000007b6380000, 0x00000007c0000000)
  object space 101888K, 51% used [0x00000007b0000000,0x00000007b33bceb8,0x00000007b6380000)
Event: 1894.562 GC heap after
Heap after GC invocations=19 (full 2):
 PSYoungGen      total 269824K, used 4576K [0x00000007eaa80000, 0x00000007fdc80000, 0x0000000800000000)
  eden space 265216K, 0% used [0x00000007eaa80000,0x00000007eaa80000,0x00000007fad80000)
  from space 4608K, 99% used [0x00000007fb980000,0x00000007fbdf8020,0x00000007fbe00000)
  to   space 20992K, 0% used [0x00000007fc800000,0x00000007fc800000,0x00000007fdc80000)
 ParOldGen       total 87040K, used 50192K [0x00000007c0000000, 0x00000007c5500000, 0x00000007eaa80000)
  object space 87040K, 57% used [0x00000007c0000000,0x00000007c31041b0,0x00000007c5500000)
 PSPermGen       total 101888K, used 52979K [0x00000007b0000000, 0x00000007b6380000, 0x00000007c0000000)
  object space 101888K, 51% used [0x00000007b0000000,0x00000007b33bceb8,0x00000007b6380000)
}
Event: 1895.897 GC heap before
{Heap before GC invocations=20 (full 2):
 PSYoungGen      total 269824K, used 195264K [0x00000007eaa80000, 0x00000007fdc80000, 0x0000000800000000)
  eden space 265216K, 71% used [0x00000007eaa80000,0x00000007f64b8388,0x00000007fad80000)
  from space 4608K, 99% used [0x00000007fb980000,0x00000007fbdf8020,0x00000007fbe00000)
  to   space 20992K, 0% used [0x00000007fc800000,0x00000007fc800000,0x00000007fdc80000)
 ParOldGen       total 87040K, used 50192K [0x00000007c0000000, 0x00000007c5500000, 0x00000007eaa80000)
  object space 87040K, 57% used [0x00000007c0000000,0x00000007c31041b0,0x00000007c5500000)
 PSPermGen       total 101888K, used 53629K [0x00000007b0000000, 0x00000007b6380000, 0x00000007c0000000)
  object space 101888K, 52% used [0x00000007b0000000,0x00000007b345f668,0x00000007b6380000)
Event: 1895.916 GC heap after
Heap after GC invocations=20 (full 2):
 PSYoungGen      total 279040K, used 3358K [0x00000007eaa80000, 0x00000007fd580000, 0x0000000800000000)
  eden space 265216K, 0% used [0x00000007eaa80000,0x00000007eaa80000,0x00000007fad80000)
  from space 13824K, 24% used [0x00000007fc800000,0x00000007fcb479c8,0x00000007fd580000)
  to   space 20480K, 0% used [0x00000007fad80000,0x00000007fad80000,0x00000007fc180000)
 ParOldGen       total 87040K, used 52644K [0x00000007c0000000, 0x00000007c5500000, 0x00000007eaa80000)
  object space 87040K, 60% used [0x00000007c0000000,0x00000007c33692d0,0x00000007c5500000)
 PSPermGen       total 101888K, used 53629K [0x00000007b0000000, 0x00000007b6380000, 0x00000007c0000000)
  object space 101888K, 52% used [0x00000007b0000000,0x00000007b345f668,0x00000007b6380000)
}
Event: 1895.916 GC heap before
{Heap before GC invocations=21 (full 3):
 PSYoungGen      total 279040K, used 3358K [0x00000007eaa80000, 0x00000007fd580000, 0x0000000800000000)
  eden space 265216K, 0% used [0x00000007eaa80000,0x00000007eaa80000,0x00000007fad80000)
  from space 13824K, 24% used [0x00000007fc800000,0x00000007fcb479c8,0x00000007fd580000)
  to   space 20480K, 0% used [0x00000007fad80000,0x00000007fad80000,0x00000007fc180000)
 ParOldGen       total 87040K, used 52644K [0x00000007c0000000, 0x00000007c5500000, 0x00000007eaa80000)
  object space 87040K, 60% used [0x00000007c0000000,0x00000007c33692d0,0x00000007c5500000)
 PSPermGen       total 101888K, used 53629K [0x00000007b0000000, 0x00000007b6380000, 0x00000007c0000000)
  object space 101888K, 52% used [0x00000007b0000000,0x00000007b345f668,0x00000007b6380000)
Event: 1896.654 GC heap after
Heap after GC invocations=21 (full 3):
 PSYoungGen      total 279040K, used 0K [0x00000007eaa80000, 0x00000007fd580000, 0x0000000800000000)
  eden space 265216K, 0% used [0x00000007eaa80000,0x00000007eaa80000,0x00000007fad80000)
  from space 13824K, 0% used [0x00000007fc800000,0x00000007fc800000,0x00000007fd580000)
  to   space 20480K, 0% used [0x00000007fad80000,0x00000007fad80000,0x00000007fc180000)
 ParOldGen       total 87040K, used 54096K [0x00000007c0000000, 0x00000007c5500000, 0x00000007eaa80000)
  object space 87040K, 62% used [0x00000007c0000000,0x00000007c34d40d0,0x00000007c5500000)
 PSPermGen       total 103424K, used 53357K [0x00000007b0000000, 0x00000007b6500000, 0x00000007c0000000)
  object space 103424K, 51% used [0x00000007b0000000,0x00000007b341b5e8,0x00000007b6500000)
}
Event: 2258.635 GC heap before
{Heap before GC invocations=22 (full 3):
 PSYoungGen      total 279040K, used 265216K [0x00000007eaa80000, 0x00000007fd580000, 0x0000000800000000)
  eden space 265216K, 100% used [0x00000007eaa80000,0x00000007fad80000,0x00000007fad80000)
  from space 13824K, 0% used [0x00000007fc800000,0x00000007fc800000,0x00000007fd580000)
  to   space 20480K, 0% used [0x00000007fad80000,0x00000007fad80000,0x00000007fc180000)
 ParOldGen       total 87040K, used 54096K [0x00000007c0000000, 0x00000007c5500000, 0x00000007eaa80000)
  object space 87040K, 62% used [0x00000007c0000000,0x00000007c34d40d0,0x00000007c5500000)
 PSPermGen       total 103424K, used 53799K [0x00000007b0000000, 0x00000007b6500000, 0x00000007c0000000)
  object space 103424K, 52% used [0x00000007b0000000,0x00000007b3489f58,0x00000007b6500000)

